<?xml version="1.0" encoding="UTF-8"?>
<!-- Generated by org.testng.reporters.JUnitXMLReporter -->
<testsuite ignored="0" hostname="DESKTOP-FH0FP92" failures="1" tests="2" name="Test" time="90.677" errors="0" timestamp="2025-03-22T02:04:55 IST">
  <testcase classname="testCases.TC001_AccountRegistrationTest" name="verify_account_registration" time="51.551"/>
  <testcase classname="testCases.TC002_LoginTest" name="verify_login" time="12.149">
    <failure type="java.lang.AssertionError" message="expected [true] but found [false]">
      <![CDATA[java.lang.AssertionError: expected [true] but found [false]
at testCases.TC002_LoginTest.verify_login(TC002_LoginTest.java:35)
at java.base/java.util.ArrayList.forEach(ArrayList.java:1541)
... Removed 35 stack frames]]>
    </failure>
  </testcase> <!-- verify_login -->
</testsuite> <!-- Test -->
