<?xml version="1.0" encoding="UTF-8"?>
<!-- Generated by org.testng.reporters.JUnitXMLReporter -->
<testsuite ignored="0" hostname="DESKTOP-FH0FP92" failures="0" tests="5" name="Test" time="69.982" errors="0" timestamp="2025-03-19T00:15:24 IST">
  <testcase classname="testCases.TC003_login_DDT" name="verify_loginDDT" time="5.611"/>
  <testcase classname="testCases.TC003_login_DDT" name="verify_loginDDT" time="14.391"/>
  <testcase classname="testCases.TC003_login_DDT" name="verify_loginDDT" time="14.389"/>
  <testcase classname="testCases.TC003_login_DDT" name="verify_loginDDT" time="15.997"/>
  <testcase classname="testCases.TC003_login_DDT" name="verify_loginDDT" time="5.308"/>
</testsuite> <!-- Test -->
