<?xml version="1.0" encoding="UTF-8"?>
<testng-results ignored="0" total="5" passed="5" failed="0" skipped="0">
  <reporter-output>
  </reporter-output>
  <suite started-at="2025-03-19T00:14:12 IST" name="Master Suite" finished-at="2025-03-19T00:15:22 IST" duration-ms="69982">
    <groups>
      <group name="Datadriven">
        <method signature="TC003_login_DDT.verify_loginDDT(java.lang.String,java.lang.String,java.lang.String)[pri:0, instance:testCases.TC003_login_DDT@58fe0499]" name="verify_loginDDT" class="testCases.TC003_login_DDT"/>
      </group> <!-- Datadriven -->
    </groups>
    <test started-at="2025-03-19T00:14:12 IST" name="Test" finished-at="2025-03-19T00:15:22 IST" duration-ms="69982">
      <class name="testCases.TC003_login_DDT">
        <test-method is-config="true" signature="setup(java.lang.String,java.lang.String)[pri:0, instance:testCases.TC003_login_DDT@58fe0499]" started-at="2025-03-19T00:14:12 IST" name="setup" finished-at="2025-03-19T00:14:24 IST" duration-ms="11083" status="PASS">
          <params>
            <param index="0">
              <value>
                <![CDATA[Windows]]>
              </value>
            </param>
            <param index="1">
              <value>
                <![CDATA[chrome]]>
              </value>
            </param>
          </params>
          <reporter-output>
          </reporter-output>
        </test-method> <!-- setup -->
        <test-method signature="verify_loginDDT(java.lang.String,java.lang.String,java.lang.String)[pri:0, instance:testCases.TC003_login_DDT@58fe0499]" started-at="2025-03-19T00:14:26 IST" name="verify_loginDDT" data-provider="LoginData" finished-at="2025-03-19T00:14:31 IST" duration-ms="5611" status="PASS">
          <params>
            <param index="0">
              <value>
                <![CDATA[abc123@gmail.com]]>
              </value>
            </param>
            <param index="1">
              <value>
                <![CDATA[test@123]]>
              </value>
            </param>
            <param index="2">
              <value>
                <![CDATA[valid]]>
              </value>
            </param>
          </params>
          <reporter-output>
          </reporter-output>
        </test-method> <!-- verify_loginDDT -->
        <test-method signature="verify_loginDDT(java.lang.String,java.lang.String,java.lang.String)[pri:0, instance:testCases.TC003_login_DDT@58fe0499]" started-at="2025-03-19T00:14:31 IST" name="verify_loginDDT" data-provider="LoginData" finished-at="2025-03-19T00:14:46 IST" duration-ms="14391" status="PASS">
          <params>
            <param index="0">
              <value>
                <![CDATA[hello@gmail.com]]>
              </value>
            </param>
            <param index="1">
              <value>
                <![CDATA[test@123]]>
              </value>
            </param>
            <param index="2">
              <value>
                <![CDATA[invalid]]>
              </value>
            </param>
          </params>
          <reporter-output>
          </reporter-output>
        </test-method> <!-- verify_loginDDT -->
        <test-method signature="verify_loginDDT(java.lang.String,java.lang.String,java.lang.String)[pri:0, instance:testCases.TC003_login_DDT@58fe0499]" started-at="2025-03-19T00:14:46 IST" name="verify_loginDDT" data-provider="LoginData" finished-at="2025-03-19T00:15:00 IST" duration-ms="14389" status="PASS">
          <params>
            <param index="0">
              <value>
                <![CDATA[wow@gmail.com]]>
              </value>
            </param>
            <param index="1">
              <value>
                <![CDATA[test@345]]>
              </value>
            </param>
            <param index="2">
              <value>
                <![CDATA[invalid]]>
              </value>
            </param>
          </params>
          <reporter-output>
          </reporter-output>
        </test-method> <!-- verify_loginDDT -->
        <test-method signature="verify_loginDDT(java.lang.String,java.lang.String,java.lang.String)[pri:0, instance:testCases.TC003_login_DDT@58fe0499]" started-at="2025-03-19T00:15:00 IST" name="verify_loginDDT" data-provider="LoginData" finished-at="2025-03-19T00:15:16 IST" duration-ms="15997" status="PASS">
          <params>
            <param index="0">
              <value>
                <![CDATA[new@gmail.com]]>
              </value>
            </param>
            <param index="1">
              <value>
                <![CDATA[test@345]]>
              </value>
            </param>
            <param index="2">
              <value>
                <![CDATA[invalid]]>
              </value>
            </param>
          </params>
          <reporter-output>
          </reporter-output>
        </test-method> <!-- verify_loginDDT -->
        <test-method signature="verify_loginDDT(java.lang.String,java.lang.String,java.lang.String)[pri:0, instance:testCases.TC003_login_DDT@58fe0499]" started-at="2025-03-19T00:15:16 IST" name="verify_loginDDT" data-provider="LoginData" finished-at="2025-03-19T00:15:22 IST" duration-ms="5308" status="PASS">
          <params>
            <param index="0">
              <value>
                <![CDATA[chirag82888@gmail.com]]>
              </value>
            </param>
            <param index="1">
              <value>
                <![CDATA[test@123]]>
              </value>
            </param>
            <param index="2">
              <value>
                <![CDATA[valid]]>
              </value>
            </param>
          </params>
          <reporter-output>
          </reporter-output>
        </test-method> <!-- verify_loginDDT -->
        <test-method is-config="true" signature="tearDown()[pri:0, instance:testCases.TC003_login_DDT@58fe0499]" started-at="2025-03-19T00:15:22 IST" name="tearDown" finished-at="2025-03-19T00:15:22 IST" duration-ms="278" status="PASS">
          <reporter-output>
          </reporter-output>
        </test-method> <!-- tearDown -->
      </class> <!-- testCases.TC003_login_DDT -->
    </test> <!-- Test -->
  </suite> <!-- Master Suite -->
</testng-results>
